<?xml version="1.0" encoding="UTF-8"?>
<!-- Generated by org.testng.reporters.JUnitReportReporter -->
<testsuite hostname="IT-026655-MNN" failures="0" tests="2" name="tests.RegistrationTest" time="15.465" errors="0" timestamp="30 Apr 2022 14:56:21 GMT">
  <testcase classname="tests.RegistrationTest" name="registrationSuccessfuly" time="8.579"/>
  <testcase classname="tests.RegistrationTest" name="registrationSuccessfuly" time="6.886"/>
</testsuite> <!-- tests.RegistrationTest -->
