<?xml version="1.0" encoding="UTF-8"?>
<!-- Generated by org.testng.reporters.JUnitReportReporter -->
<testsuite hostname="IT-026655-MNN" failures="0" tests="2" name="bdd.RunnerTest" time="7.197" errors="0" timestamp="10 May 2022 13:39:28 GMT">
  <testcase classname="bdd.RunnerTest" name="runScenario" time="3.562"/>
  <testcase classname="bdd.RunnerTest" name="runScenario" time="3.635"/>
</testsuite> <!-- bdd.RunnerTest -->
