<?xml version="1.0" encoding="UTF-8"?>
<!-- Generated by org.testng.reporters.JUnitReportReporter -->
<testsuite hostname="IT-026655-MNN" failures="0" tests="2" name="tests.RegistrationTest" time="15.923" errors="0" timestamp="10 May 2022 13:34:55 GMT">
  <testcase classname="tests.RegistrationTest" name="registrationSuccessfuly" time="5.885"/>
  <testcase classname="tests.RegistrationTest" name="registrationSuccessfuly" time="10.038"/>
</testsuite> <!-- tests.RegistrationTest -->
