<?xml version="1.0" encoding="UTF-8"?>
<!-- Generated by org.testng.reporters.JUnitReportReporter -->
<testsuite hostname="IT-026655-MNN" failures="0" tests="2" name="bdd.RunnerTest" time="51.654" errors="0" timestamp="10 May 2022 09:11:04 GMT">
  <testcase classname="bdd.RunnerTest" name="runScenario" time="45.708"/>
  <testcase classname="bdd.RunnerTest" name="runScenario" time="5.946"/>
</testsuite> <!-- bdd.RunnerTest -->
