<?xml version="1.0" encoding="UTF-8"?>
<!-- Generated by org.testng.reporters.JUnitReportReporter -->
<testsuite hostname="IT-026655-MNN" failures="0" tests="2" name="runner.RunnerTest" time="6.522" errors="0" timestamp="1 May 2022 13:16:58 GMT">
  <testcase classname="runner.RunnerTest" name="runScenario" time="3.009"/>
  <testcase classname="runner.RunnerTest" name="runScenario" time="3.513"/>
</testsuite> <!-- runner.RunnerTest -->
